<?xml version="1.0" encoding="UTF-8"?>
<!-- Generated by org.testng.reporters.JUnitXMLReporter -->
<testsuite hostname="Shimshim" ignored="0" name="Surefire test" tests="6" failures="0" timestamp="2020-07-14T18:22:05 IST" time="0.147" errors="0">
  <testcase name="AndroidLogin" time="0.016" classname="JavaMaven.selenium.AppiumTest"/>
  <testcase name="iOSLogin" time="0.0" classname="JavaMaven.selenium.AppiumTest"/>
  <testcase name="DeleteJSON" time="0.0" classname="JavaMaven.selenium.RestAPITest"/>
  <testcase name="JSON" time="0.0" classname="JavaMaven.selenium.RestAPITest"/>
  <testcase name="Registration" time="0.0" classname="JavaMaven.selenium.SeleniumTest"/>
  <testcase name="Weblogin" time="0.015" classname="JavaMaven.selenium.SeleniumTest"/>
</testsuite> <!-- Surefire test -->
