<?xml version="1.0" encoding="UTF-8"?>
<!-- Generated by org.testng.reporters.JUnitXMLReporter -->
<testsuite hostname="Shimshim" ignored="0" name="Test" tests="6" failures="0" timestamp="2020-07-14T18:25:19 IST" time="0.156" errors="0">
  <testcase name="DeleteJSON" time="0.01" classname="JavaMaven.selenium.RestAPITest"/>
  <testcase name="JSON" time="0.0" classname="JavaMaven.selenium.RestAPITest"/>
  <testcase name="Registration" time="0.0" classname="JavaMaven.selenium.SeleniumTest"/>
  <testcase name="Weblogin" time="0.0" classname="JavaMaven.selenium.SeleniumTest"/>
  <testcase name="AndroidLogin" time="0.008" classname="JavaMaven.selenium.AppiumTest"/>
  <testcase name="iOSLogin" time="0.0" classname="JavaMaven.selenium.AppiumTest"/>
</testsuite> <!-- Test -->
