<?xml version="1.0" encoding="UTF-8"?>
<testng-results skipped="0" failed="0" ignored="0" total="6" passed="6">
  <reporter-output>
  </reporter-output>
  <suite name="Suite" duration-ms="156" started-at="2020-07-14T18:25:19 IST" finished-at="2020-07-14T18:25:19 IST">
    <groups>
    </groups>
    <test name="Test" duration-ms="156" started-at="2020-07-14T18:25:19 IST" finished-at="2020-07-14T18:25:19 IST">
      <class name="JavaMaven.selenium.AppiumTest">
        <test-method status="PASS" signature="AndroidLogin()[pri:0, instance:JavaMaven.selenium.AppiumTest@7f13d6e]" name="AndroidLogin" duration-ms="8" started-at="2020-07-14T18:25:19 IST" finished-at="2020-07-14T18:25:19 IST">
          <reporter-output>
          </reporter-output>
        </test-method> <!-- AndroidLogin -->
        <test-method status="PASS" signature="iOSLogin()[pri:0, instance:JavaMaven.selenium.AppiumTest@7f13d6e]" name="iOSLogin" duration-ms="0" started-at="2020-07-14T18:25:19 IST" finished-at="2020-07-14T18:25:19 IST">
          <reporter-output>
          </reporter-output>
        </test-method> <!-- iOSLogin -->
      </class> <!-- JavaMaven.selenium.AppiumTest -->
      <class name="JavaMaven.selenium.RestAPITest">
        <test-method status="PASS" signature="DeleteJSON()[pri:0, instance:JavaMaven.selenium.RestAPITest@711f39f9]" name="DeleteJSON" duration-ms="10" started-at="2020-07-14T18:25:19 IST" finished-at="2020-07-14T18:25:19 IST">
          <reporter-output>
          </reporter-output>
        </test-method> <!-- DeleteJSON -->
        <test-method status="PASS" signature="JSON()[pri:0, instance:JavaMaven.selenium.RestAPITest@711f39f9]" name="JSON" duration-ms="0" started-at="2020-07-14T18:25:19 IST" finished-at="2020-07-14T18:25:19 IST">
          <reporter-output>
          </reporter-output>
        </test-method> <!-- JSON -->
      </class> <!-- JavaMaven.selenium.RestAPITest -->
      <class name="JavaMaven.selenium.SeleniumTest">
        <test-method status="PASS" signature="Registration()[pri:0, instance:JavaMaven.selenium.SeleniumTest@71bbf57e]" name="Registration" duration-ms="0" started-at="2020-07-14T18:25:19 IST" finished-at="2020-07-14T18:25:19 IST">
          <reporter-output>
          </reporter-output>
        </test-method> <!-- Registration -->
        <test-method status="PASS" signature="Weblogin()[pri:0, instance:JavaMaven.selenium.SeleniumTest@71bbf57e]" name="Weblogin" duration-ms="0" started-at="2020-07-14T18:25:19 IST" finished-at="2020-07-14T18:25:19 IST">
          <reporter-output>
          </reporter-output>
        </test-method> <!-- Weblogin -->
      </class> <!-- JavaMaven.selenium.SeleniumTest -->
    </test> <!-- Test -->
  </suite> <!-- Suite -->
</testng-results>
